[2022-12-28 16:09:38] Paul_Leathem nem jogosult adminisztrátor műveletek használatára!
[2022-12-28 16:38:53] Daniel_S_Johnson nem jogosult adminisztrátor műveletek használatára!
[2022-12-28 16:52:27] Drake_Chapman nem jogosult adminisztrátor műveletek használatára!
[2022-12-28 16:57:22] Drake_Chapman nem jogosult adminisztrátor műveletek használatára!
[2022-12-28 17:05:48] Valeriy_Fedorov nem jogosult adminisztrátor műveletek használatára!
[2022-12-28 17:08:47] Valeriy_Fedorov nem jogosult adminisztrátor műveletek használatára!
[2022-12-28 17:15:36]  nem jogosult adminisztrátor műveletek használatára!
[2022-12-28 17:16:18] Drake_Chapman nem jogosult adminisztrátor műveletek használatára!
[2022-12-28 17:16:35]  nem jogosult adminisztrátor műveletek használatára!
[2022-12-28 17:16:40]  nem jogosult adminisztrátor műveletek használatára!
[2022-12-28 17:17:28]  nem jogosult adminisztrátor műveletek használatára!
[2022-12-28 17:17:36]  nem jogosult adminisztrátor műveletek használatára!
[2022-12-28 17:18:47] Valeriy_Fedorov nem jogosult adminisztrátor műveletek használatára!
[2022-12-28 17:25:41] Valeriy_Fedorov nem jogosult adminisztrátor műveletek használatára!
[2022-12-28 17:25:53]  nem jogosult adminisztrátor műveletek használatára!
[2022-12-28 17:30:47] Drake_Chapman nem jogosult adminisztrátor műveletek használatára!
[2022-12-28 17:32:45]  nem jogosult adminisztrátor műveletek használatára!
[2022-12-28 17:35:12]  nem jogosult adminisztrátor műveletek használatára!
[2022-12-28 17:38:33] Raylon_Hart nem jogosult adminisztrátor műveletek használatára!
[2022-12-28 17:39:12]  nem jogosult adminisztrátor műveletek használatára!
[2022-12-28 17:39:26]  nem jogosult adminisztrátor műveletek használatára!
[2022-12-28 17:39:28]  nem jogosult adminisztrátor műveletek használatára!
[2022-12-28 17:39:33]  nem jogosult adminisztrátor műveletek használatára!
[2022-12-28 17:39:35]  nem jogosult adminisztrátor műveletek használatára!
[2022-12-28 17:39:37]  nem jogosult adminisztrátor műveletek használatára!
[2022-12-28 17:39:39]  nem jogosult adminisztrátor műveletek használatára!
[2022-12-28 17:39:54]  nem jogosult adminisztrátor műveletek használatára!
[2022-12-28 17:40:12]  nem jogosult adminisztrátor műveletek használatára!
[2022-12-28 17:40:50]  nem jogosult adminisztrátor műveletek használatára!
[2022-12-28 17:42:49]  nem jogosult adminisztrátor műveletek használatára!
[2022-12-28 17:43:00]  nem jogosult adminisztrátor műveletek használatára!
[2022-12-28 17:43:22]  nem jogosult adminisztrátor műveletek használatára!
[2022-12-28 17:43:25]  nem jogosult adminisztrátor műveletek használatára!
[2022-12-28 17:44:06]  nem jogosult adminisztrátor műveletek használatára!
[2022-12-28 17:44:08]  nem jogosult adminisztrátor műveletek használatára!
[2022-12-28 18:50:13] Carlos_White nem jogosult adminisztrátor műveletek használatára!
[2022-12-28 18:51:14] Daniel_S_Johnson nem jogosult adminisztrátor műveletek használatára!
[2022-12-28 18:51:28] Raylon_Hart nem jogosult adminisztrátor műveletek használatára!
[2022-12-28 20:00:17] Login deny (blacklist) | Player: AutomaticBijou8 | IP:178.210.224.71 | Serial: C001568D6F1BC31730B40F180449EE54 | Version: 345
[2022-12-28 20:00:17] Login deny (serial) | Player: AutomaticBijou8 | IP:178.210.224.71 | Serial: C001568D6F1BC31730B40F180449EE54 | Version: 345
[2022-12-28 20:00:58] Login deny (blacklist) | Player: AutomaticBijou8 | IP:178.210.224.71 | Serial: C001568D6F1BC31730B40F180449EE54 | Version: 345
[2022-12-28 20:00:58] Login deny (serial) | Player: AutomaticBijou8 | IP:178.210.224.71 | Serial: C001568D6F1BC31730B40F180449EE54 | Version: 345
